<?xml version="1.0" encoding="UTF-8"?>
<!-- Generated by org.testng.reporters.JUnitXMLReporter -->
<testsuite ignored="6" hostname="LAPTOP-5M6NUT1U" failures="1" tests="2" name="Test(failed)" time="0.103" errors="0" timestamp="2022-06-27T12:08:01 IST">
  <testcase classname="failedTestCases.MyTestClass1" name="a" time="0.018">
    <failure type="java.lang.AssertionError" message="null">
      <![CDATA[java.lang.AssertionError: null
at failedTestCases.MyTestClass1.a(MyTestClass1.java:11)
at java.base/java.util.ArrayList.forEach(ArrayList.java:1541)
... Removed 29 stack frames]]>
    </failure>
  </testcase> <!-- a -->
  <testcase classname="failedTestCases.MyTestClass2" name="p" time="0.002"/>
  <testcase classname="failedTestCases.MyTestClass1" name="c" time="0.0">
    <ignored/>
  </testcase> <!-- c -->
  <testcase classname="failedTestCases.MyTestClass2" name="s" time="0.0">
    <ignored/>
  </testcase> <!-- s -->
  <testcase classname="failedTestCases.MyTestClass1" name="b" time="0.0">
    <ignored/>
  </testcase> <!-- b -->
  <testcase classname="failedTestCases.MyTestClass2" name="q" time="0.0">
    <ignored/>
  </testcase> <!-- q -->
  <testcase classname="failedTestCases.MyTestClass1" name="d" time="0.0">
    <ignored/>
  </testcase> <!-- d -->
  <testcase classname="failedTestCases.MyTestClass2" name="r" time="0.0">
    <ignored/>
  </testcase> <!-- r -->
</testsuite> <!-- Test(failed) -->
