<?xml version="1.0" encoding="UTF-8"?>
<!-- Generated by org.testng.reporters.JUnitXMLReporter -->
<testsuite ignored="0" hostname="LAPTOP-5M6NUT1U" failures="2" tests="6" name="Test" time="0.099" errors="0" timestamp="2022-07-06T23:18:18 IST">
  <testcase classname="ListenerTest.MyTest2" name="myMethod4" time="0.011"/>
  <testcase classname="ListenerTest.MyTest2" name="myMethod5" time="0.004">
    <failure type="java.lang.AssertionError" message="null">
      <![CDATA[java.lang.AssertionError: null
at ListenerTest.MyTest2.myMethod5(MyTest2.java:20)
at java.base/java.util.ArrayList.forEach(ArrayList.java:1541)
... Removed 29 stack frames]]>
    </failure>
  </testcase> <!-- myMethod5 -->
  <testcase classname="ListenerTest.MyTest2" name="myMethod6" time="0.0">
    <skipped/>
  </testcase> <!-- myMethod6 -->
  <testcase classname="ListenerTest.MyTest" name="myMethod1" time="0.003"/>
  <testcase classname="ListenerTest.MyTest" name="myMethod2" time="0.003">
    <failure type="java.lang.AssertionError" message="null">
      <![CDATA[java.lang.AssertionError: null
at ListenerTest.MyTest.myMethod2(MyTest.java:20)
at java.base/java.util.ArrayList.forEach(ArrayList.java:1541)
... Removed 29 stack frames]]>
    </failure>
  </testcase> <!-- myMethod2 -->
  <testcase classname="ListenerTest.MyTest" name="myMethod3" time="0.0">
    <skipped/>
  </testcase> <!-- myMethod3 -->
</testsuite> <!-- Test -->
